\BOOKMARK [1][-]{section.1}{\376\377\000I\000n\000t\000r\000o\000d\000u\000c\000t\000i\000o\000n\000\040\000a\000n\000d\000\040\000M\000o\000t\000i\000v\000a\000t\000i\000o\000n}{}% 1
\BOOKMARK [1][-]{section.2}{\376\377\000R\000e\000l\000a\000t\000e\000d\000\040\000W\000o\000r\000k}{}% 2
\BOOKMARK [1][-]{section.3}{\376\377\000M\000e\000t\000h\000o\000d\000o\000l\000o\000g\000y}{}% 3
\BOOKMARK [2][-]{subsection.3.1}{\376\377\000O\000v\000e\000r\000a\000l\000l\000\040\000F\000l\000o\000w}{section.3}% 4
\BOOKMARK [2][-]{subsection.3.2}{\376\377\000M\000a\000s\000k\000-\000B\000l\000e\000n\000d\000e\000d\000\040\000I\000n\000f\000e\000r\000e\000n\000c\000e}{section.3}% 5
\BOOKMARK [2][-]{subsection.3.3}{\376\377\000I\000m\000p\000l\000e\000m\000e\000n\000t\000a\000t\000i\000o\000n\000\040\000N\000o\000t\000e\000s}{section.3}% 6
\BOOKMARK [2][-]{subsection.3.4}{\376\377\000P\000i\000p\000e\000l\000i\000n\000e\000\040\000A\000l\000g\000o\000r\000i\000t\000h\000m}{section.3}% 7
\BOOKMARK [2][-]{subsection.3.5}{\376\377\000S\000A\000M\000\040\000M\000a\000s\000k\000\040\000P\000r\000e\000p\000r\000o\000c\000e\000s\000s\000i\000n\000g}{section.3}% 8
\BOOKMARK [2][-]{subsection.3.6}{\376\377\000L\000a\000t\000e\000n\000t\000\040\000B\000l\000e\000n\000d\000i\000n\000g\000\040\000C\000o\000n\000s\000i\000d\000e\000r\000a\000t\000i\000o\000n\000s}{section.3}% 9
\BOOKMARK [1][-]{section.4}{\376\377\000C\000o\000d\000e\000\040\000W\000a\000l\000k\000t\000h\000r\000o\000u\000g\000h}{}% 10
\BOOKMARK [1][-]{section.5}{\376\377\000D\000a\000t\000a\000\040\000A\000u\000g\000m\000e\000n\000t\000a\000t\000i\000o\000n\000\040\000a\000n\000d\000\040\000M\000a\000s\000k\000\040\000V\000a\000r\000i\000a\000t\000i\000o\000n}{}% 11
\BOOKMARK [1][-]{section.6}{\376\377\000C\000o\000m\000p\000a\000r\000i\000s\000o\000n\000\040\000t\000o\000\040\000A\000l\000t\000e\000r\000n\000a\000t\000i\000v\000e\000\040\000S\000t\000r\000a\000t\000e\000g\000i\000e\000s}{}% 12
\BOOKMARK [1][-]{section.7}{\376\377\000E\000x\000p\000e\000r\000i\000m\000e\000n\000t\000a\000l\000\040\000S\000e\000t\000u\000p\000,\000\040\000D\000a\000t\000a\000s\000e\000t\000,\000\040\000a\000n\000d\000\040\000R\000e\000s\000u\000l\000t\000s}{}% 13
\BOOKMARK [2][-]{subsection.7.1}{\376\377\000H\000a\000r\000d\000w\000a\000r\000e\000\040\000a\000n\000d\000\040\000D\000e\000p\000e\000n\000d\000e\000n\000c\000i\000e\000s}{section.7}% 14
\BOOKMARK [1][-]{section.8}{\376\377\000R\000e\000s\000u\000l\000t\000s\000\040\000a\000n\000d\000\040\000Q\000u\000a\000l\000i\000t\000a\000t\000i\000v\000e\000\040\000O\000b\000s\000e\000r\000v\000a\000t\000i\000o\000n\000s}{}% 15
\BOOKMARK [1][-]{section.9}{\376\377\000R\000e\000p\000r\000o\000d\000u\000c\000i\000b\000i\000l\000i\000t\000y\000\040\000a\000n\000d\000\040\000S\000u\000b\000m\000i\000s\000s\000i\000o\000n}{}% 16
\BOOKMARK [1][-]{section.10}{\376\377\000M\000o\000d\000e\000l\000\040\000V\000e\000r\000s\000i\000o\000n\000s\000\040\000a\000n\000d\000\040\000L\000i\000c\000e\000n\000s\000e\000s}{}% 17
\BOOKMARK [1][-]{section.11}{\376\377\000I\000m\000p\000l\000e\000m\000e\000n\000t\000a\000t\000i\000o\000n\000\040\000I\000s\000s\000u\000e\000s\000\040\000a\000n\000d\000\040\000T\000r\000o\000u\000b\000l\000e\000s\000h\000o\000o\000t\000i\000n\000g}{}% 18
\BOOKMARK [1][-]{section.12}{\376\377\000D\000e\000t\000a\000i\000l\000e\000d\000\040\000E\000x\000a\000m\000p\000l\000e\000\040\000C\000a\000s\000e\000s}{}% 19
\BOOKMARK [1][-]{section.13}{\376\377\000C\000a\000s\000e\000-\000S\000p\000e\000c\000i\000f\000i\000c\000\040\000O\000b\000s\000e\000r\000v\000a\000t\000i\000o\000n\000s}{}% 20
\BOOKMARK [1][-]{section.14}{\376\377\000E\000v\000a\000l\000u\000a\000t\000i\000o\000n\000\040\000P\000l\000a\000n}{}% 21
\BOOKMARK [1][-]{section.15}{\376\377\000T\000i\000m\000e\000l\000i\000n\000e\000\040\000a\000n\000d\000\040\000R\000i\000s\000k\000\040\000M\000i\000t\000i\000g\000a\000t\000i\000o\000n}{}% 22
\BOOKMARK [1][-]{section.16}{\376\377\000D\000i\000s\000c\000u\000s\000s\000i\000o\000n\000\040\000a\000n\000d\000\040\000A\000n\000a\000l\000y\000s\000i\000s}{}% 23
\BOOKMARK [2][-]{subsection.16.1}{\376\377\000L\000i\000m\000i\000t\000a\000t\000i\000o\000n\000s}{section.16}% 24
\BOOKMARK [2][-]{subsection.16.2}{\376\377\000Q\000u\000a\000n\000t\000i\000t\000a\000t\000i\000v\000e\000\040\000M\000e\000t\000r\000i\000c\000s}{section.16}% 25
\BOOKMARK [1][-]{section.17}{\376\377\000A\000p\000p\000e\000n\000d\000i\000x\000:\000\040\000R\000u\000n\000n\000i\000n\000g\000\040\000t\000h\000e\000\040\000P\000i\000p\000e\000l\000i\000n\000e}{}% 26
\BOOKMARK [1][-]{section.18}{\376\377\000C\000o\000m\000m\000a\000n\000d\000\040\000R\000e\000f\000e\000r\000e\000n\000c\000e}{}% 27
\BOOKMARK [1][-]{section.19}{\376\377\000M\000e\000t\000r\000i\000c\000\040\000I\000m\000p\000l\000e\000m\000e\000n\000t\000a\000t\000i\000o\000n\000\040\000N\000o\000t\000e\000s}{}% 28
\BOOKMARK [1][-]{section.20}{\376\377\000H\000u\000m\000a\000n\000\040\000S\000t\000u\000d\000y\000\040\000P\000r\000o\000t\000o\000c\000o\000l}{}% 29
\BOOKMARK [1][-]{section.21}{\376\377\000F\000u\000t\000u\000r\000e\000\040\000E\000x\000t\000e\000n\000s\000i\000o\000n\000s}{}% 30
\BOOKMARK [1][-]{section.22}{\376\377\000A\000c\000k\000n\000o\000w\000l\000e\000d\000g\000m\000e\000n\000t\000s}{}% 31
\BOOKMARK [1][-]{section.23}{\376\377\000D\000e\000p\000l\000o\000y\000m\000e\000n\000t\000\040\000a\000n\000d\000\040\000P\000a\000c\000k\000a\000g\000i\000n\000g}{}% 32
\BOOKMARK [1][-]{section.24}{\376\377\000C\000o\000n\000c\000l\000u\000s\000i\000o\000n\000\040\000a\000n\000d\000\040\000F\000u\000t\000u\000r\000e\000\040\000W\000o\000r\000k}{}% 33
