This is pdfTeX, Version 3.141592653-2.6-1.40.27 (TeX Live 2025) (preloaded format=pdflatex 2025.3.8)  3 DEC 2025 12:46
entering extended mode
 restricted \write18 enabled.
 %&-line parsing enabled.
**submission/report/final_report.tex
(./submission/report/final_report.tex
LaTeX2e <2024-11-01> patch level 2
L3 programming layer <2025-01-18>
(/usr/local/texlive/2025/texmf-dist/tex/latex/base/article.cls
Document Class: article 2024/06/29 v1.4n Standard LaTeX document class
(/usr/local/texlive/2025/texmf-dist/tex/latex/base/size10.clo
File: size10.clo 2024/06/29 v1.4n Standard LaTeX file (size option)
)
\c@part=\count196
\c@section=\count197
\c@subsection=\count198
\c@subsubsection=\count199
\c@paragraph=\count266
\c@subparagraph=\count267
\c@figure=\count268
\c@table=\count269
\abovecaptionskip=\skip49
\belowcaptionskip=\skip50
\bibindent=\dimen141
)
(submission/report/cvpr.sty
Package: cvpr 2025/12/03 Minimal replacement CVPR style

(/usr/local/texlive/2025/texmf-dist/tex/latex/psnfss/times.sty
Package: times 2020/03/25 PSNFSS-v9.3 (SPQR) 
)
(/usr/local/texlive/2025/texmf-dist/tex/latex/psnfss/helvet.sty
Package: helvet 2020/03/25 PSNFSS-v9.3 (WaS) 

(/usr/local/texlive/2025/texmf-dist/tex/latex/graphics/keyval.sty
Package: keyval 2022/05/29 v1.15 key=value parser (DPC)
\KV@toks@=\toks17
))
(/usr/local/texlive/2025/texmf-dist/tex/latex/psnfss/courier.sty
Package: courier 2020/03/25 PSNFSS-v9.3 (WaS) 
)
(/usr/local/texlive/2025/texmf-dist/tex/latex/graphics/graphicx.sty
Package: graphicx 2021/09/16 v1.2d Enhanced LaTeX Graphics (DPC,SPQR)

(/usr/local/texlive/2025/texmf-dist/tex/latex/graphics/graphics.sty
Package: graphics 2024/08/06 v1.4g Standard LaTeX Graphics (DPC,SPQR)

(/usr/local/texlive/2025/texmf-dist/tex/latex/graphics/trig.sty
Package: trig 2023/12/02 v1.11 sin cos tan (DPC)
)
(/usr/local/texlive/2025/texmf-dist/tex/latex/graphics-cfg/graphics.cfg
File: graphics.cfg 2016/06/04 v1.11 sample graphics configuration
)
Package graphics Info: Driver file: pdftex.def on input line 106.

(/usr/local/texlive/2025/texmf-dist/tex/latex/graphics-def/pdftex.def
File: pdftex.def 2024/04/13 v1.2c Graphics/color driver for pdftex
))
\Gin@req@height=\dimen142
\Gin@req@width=\dimen143
)
(/usr/local/texlive/2025/texmf-dist/tex/latex/amsmath/amsmath.sty
Package: amsmath 2024/11/05 v2.17t AMS math features
\@mathmargin=\skip51

For additional information on amsmath, use the `?' option.
(/usr/local/texlive/2025/texmf-dist/tex/latex/amsmath/amstext.sty
Package: amstext 2021/08/26 v2.01 AMS text

(/usr/local/texlive/2025/texmf-dist/tex/latex/amsmath/amsgen.sty
File: amsgen.sty 1999/11/30 v2.0 generic functions
\@emptytoks=\toks18
\ex@=\dimen144
))
(/usr/local/texlive/2025/texmf-dist/tex/latex/amsmath/amsbsy.sty
Package: amsbsy 1999/11/29 v1.2d Bold Symbols
\pmbraise@=\dimen145
)
(/usr/local/texlive/2025/texmf-dist/tex/latex/amsmath/amsopn.sty
Package: amsopn 2022/04/08 v2.04 operator names
)
\inf@bad=\count270
LaTeX Info: Redefining \frac on input line 233.
\uproot@=\count271
\leftroot@=\count272
LaTeX Info: Redefining \overline on input line 398.
LaTeX Info: Redefining \colon on input line 409.
\classnum@=\count273
\DOTSCASE@=\count274
LaTeX Info: Redefining \ldots on input line 495.
LaTeX Info: Redefining \dots on input line 498.
LaTeX Info: Redefining \cdots on input line 619.
\Mathstrutbox@=\box52
\strutbox@=\box53
LaTeX Info: Redefining \big on input line 721.
LaTeX Info: Redefining \Big on input line 722.
LaTeX Info: Redefining \bigg on input line 723.
LaTeX Info: Redefining \Bigg on input line 724.
\big@size=\dimen146
LaTeX Font Info:    Redeclaring font encoding OML on input line 742.
LaTeX Font Info:    Redeclaring font encoding OMS on input line 743.
\macc@depth=\count275
LaTeX Info: Redefining \bmod on input line 904.
LaTeX Info: Redefining \pmod on input line 909.
LaTeX Info: Redefining \smash on input line 939.
LaTeX Info: Redefining \relbar on input line 969.
LaTeX Info: Redefining \Relbar on input line 970.
\c@MaxMatrixCols=\count276
\dotsspace@=\muskip17
\c@parentequation=\count277
\dspbrk@lvl=\count278
\tag@help=\toks19
\row@=\count279
\column@=\count280
\maxfields@=\count281
\andhelp@=\toks20
\eqnshift@=\dimen147
\alignsep@=\dimen148
\tagshift@=\dimen149
\tagwidth@=\dimen150
\totwidth@=\dimen151
\lineht@=\dimen152
\@envbody=\toks21
\multlinegap=\skip52
\multlinetaggap=\skip53
\mathdisplay@stack=\toks22
LaTeX Info: Redefining \[ on input line 2953.
LaTeX Info: Redefining \] on input line 2954.
)
(/usr/local/texlive/2025/texmf-dist/tex/latex/amsfonts/amssymb.sty
Package: amssymb 2013/01/14 v3.01 AMS font symbols

(/usr/local/texlive/2025/texmf-dist/tex/latex/amsfonts/amsfonts.sty
Package: amsfonts 2013/01/14 v3.01 Basic AMSFonts support
\symAMSa=\mathgroup4
\symAMSb=\mathgroup5
LaTeX Font Info:    Redeclaring math symbol \hbar on input line 98.
LaTeX Font Info:    Overwriting math alphabet `\mathfrak' in version `bold'
(Font)                  U/euf/m/n --> U/euf/b/n on input line 106.
))
(/usr/local/texlive/2025/texmf-dist/tex/latex/enumitem/enumitem.sty
Package: enumitem 2025/02/06 v3.11 Customized lists
\labelindent=\skip54
\enit@outerparindent=\dimen153
\enit@toks=\toks23
\enit@inbox=\box54
\enit@count@id=\count282
\enitdp@description=\count283
)
(/usr/local/texlive/2025/texmf-dist/tex/latex/graphics/color.sty
Package: color 2024/06/23 v1.3e Standard LaTeX Color (DPC)

(/usr/local/texlive/2025/texmf-dist/tex/latex/graphics-cfg/color.cfg
File: color.cfg 2016/01/02 v1.6 sample color configuration
)
Package color Info: Driver file: pdftex.def on input line 149.

(/usr/local/texlive/2025/texmf-dist/tex/latex/graphics/mathcolor.ltx))
(/usr/local/texlive/2025/texmf-dist/tex/latex/fancyhdr/fancyhdr.sty
Package: fancyhdr 2025/02/07 v5.2 Extensive control of page headers and footers

\f@nch@headwidth=\skip55
\f@nch@offset@elh=\skip56
\f@nch@offset@erh=\skip57
\f@nch@offset@olh=\skip58
\f@nch@offset@orh=\skip59
\f@nch@offset@elf=\skip60
\f@nch@offset@erf=\skip61
\f@nch@offset@olf=\skip62
\f@nch@offset@orf=\skip63
\f@nch@height=\skip64
\f@nch@footalignment=\skip65
\f@nch@widthL=\skip66
\f@nch@widthC=\skip67
\f@nch@widthR=\skip68
\@temptokenb=\toks24
)
(/usr/local/texlive/2025/texmf-dist/tex/latex/geometry/geometry.sty
Package: geometry 2020/01/02 v5.9 Page Geometry

(/usr/local/texlive/2025/texmf-dist/tex/generic/iftex/ifvtex.sty
Package: ifvtex 2019/10/25 v1.7 ifvtex legacy package. Use iftex instead.

(/usr/local/texlive/2025/texmf-dist/tex/generic/iftex/iftex.sty
Package: iftex 2024/12/12 v1.0g TeX engine tests
))
\Gm@cnth=\count284
\Gm@cntv=\count285
\c@Gm@tempcnt=\count286
\Gm@bindingoffset=\dimen154
\Gm@wd@mp=\dimen155
\Gm@odd@mp=\dimen156
\Gm@even@mp=\dimen157
\Gm@layoutwidth=\dimen158
\Gm@layoutheight=\dimen159
\Gm@layouthoffset=\dimen160
\Gm@layoutvoffset=\dimen161
\Gm@dimlist=\toks25
))
(/usr/local/texlive/2025/texmf-dist/tex/latex/booktabs/booktabs.sty
Package: booktabs 2020/01/12 v1.61803398 Publication quality tables
\heavyrulewidth=\dimen162
\lightrulewidth=\dimen163
\cmidrulewidth=\dimen164
\belowrulesep=\dimen165
\belowbottomsep=\dimen166
\aboverulesep=\dimen167
\abovetopsep=\dimen168
\cmidrulesep=\dimen169
\cmidrulekern=\dimen170
\defaultaddspace=\dimen171
\@cmidla=\count287
\@cmidlb=\count288
\@aboverulesep=\dimen172
\@belowrulesep=\dimen173
\@thisruleclass=\count289
\@lastruleclass=\count290
\@thisrulewidth=\dimen174
)
(/usr/local/texlive/2025/texmf-dist/tex/latex/microtype/microtype.sty
Package: microtype 2025/02/11 v3.2a Micro-typographical refinements (RS)

(/usr/local/texlive/2025/texmf-dist/tex/latex/etoolbox/etoolbox.sty
Package: etoolbox 2025/02/11 v2.5l e-TeX tools for LaTeX (JAW)
\etb@tempcnta=\count291
)
\MT@toks=\toks26
\MT@tempbox=\box55
\MT@count=\count292
LaTeX Info: Redefining \noprotrusionifhmode on input line 1087.
LaTeX Info: Redefining \leftprotrusion on input line 1088.
\MT@prot@toks=\toks27
LaTeX Info: Redefining \rightprotrusion on input line 1107.
LaTeX Info: Redefining \textls on input line 1449.
\MT@outer@kern=\dimen175
LaTeX Info: Redefining \microtypecontext on input line 2053.
LaTeX Info: Redefining \textmicrotypecontext on input line 2070.
\MT@listname@count=\count293

(/usr/local/texlive/2025/texmf-dist/tex/latex/microtype/microtype-pdftex.def
File: microtype-pdftex.def 2025/02/11 v3.2a Definitions specific to pdftex (RS)

LaTeX Info: Redefining \lsstyle on input line 944.
LaTeX Info: Redefining \lslig on input line 944.
\MT@outer@space=\skip69
)
Package microtype Info: Loading configuration file microtype.cfg.

(/usr/local/texlive/2025/texmf-dist/tex/latex/microtype/microtype.cfg
File: microtype.cfg 2025/02/11 v3.2a microtype main configuration file (RS)
)
LaTeX Info: Redefining \microtypesetup on input line 3065.
)
(/usr/local/texlive/2025/texmf-dist/tex/latex/hyperref/hyperref.sty
Package: hyperref 2024-11-05 v7.01l Hypertext links for LaTeX

(/usr/local/texlive/2025/texmf-dist/tex/latex/kvsetkeys/kvsetkeys.sty
Package: kvsetkeys 2022-10-05 v1.19 Key value parser (HO)
)
(/usr/local/texlive/2025/texmf-dist/tex/generic/kvdefinekeys/kvdefinekeys.sty
Package: kvdefinekeys 2019-12-19 v1.6 Define keys (HO)
)
(/usr/local/texlive/2025/texmf-dist/tex/generic/pdfescape/pdfescape.sty
Package: pdfescape 2019/12/09 v1.15 Implements pdfTeX's escape features (HO)

(/usr/local/texlive/2025/texmf-dist/tex/generic/ltxcmds/ltxcmds.sty
Package: ltxcmds 2023-12-04 v1.26 LaTeX kernel commands for general use (HO)
)
(/usr/local/texlive/2025/texmf-dist/tex/generic/pdftexcmds/pdftexcmds.sty
Package: pdftexcmds 2020-06-27 v0.33 Utility functions of pdfTeX for LuaTeX (HO
)

(/usr/local/texlive/2025/texmf-dist/tex/generic/infwarerr/infwarerr.sty
Package: infwarerr 2019/12/03 v1.5 Providing info/warning/error messages (HO)
)
Package pdftexcmds Info: \pdf@primitive is available.
Package pdftexcmds Info: \pdf@ifprimitive is available.
Package pdftexcmds Info: \pdfdraftmode found.
))
(/usr/local/texlive/2025/texmf-dist/tex/latex/hycolor/hycolor.sty
Package: hycolor 2020-01-27 v1.10 Color options for hyperref/bookmark (HO)
)
(/usr/local/texlive/2025/texmf-dist/tex/latex/hyperref/nameref.sty
Package: nameref 2023-11-26 v2.56 Cross-referencing by name of section

(/usr/local/texlive/2025/texmf-dist/tex/latex/refcount/refcount.sty
Package: refcount 2019/12/15 v3.6 Data extraction from label references (HO)
)
(/usr/local/texlive/2025/texmf-dist/tex/generic/gettitlestring/gettitlestring.s
ty
Package: gettitlestring 2019/12/15 v1.6 Cleanup title references (HO)
 (/usr/local/texlive/2025/texmf-dist/tex/latex/kvoptions/kvoptions.sty
Package: kvoptions 2022-06-15 v3.15 Key value format for package options (HO)
))
\c@section@level=\count294
)
(/usr/local/texlive/2025/texmf-dist/tex/generic/stringenc/stringenc.sty
Package: stringenc 2019/11/29 v1.12 Convert strings between diff. encodings (HO
)
)
\@linkdim=\dimen176
\Hy@linkcounter=\count295
\Hy@pagecounter=\count296

(/usr/local/texlive/2025/texmf-dist/tex/latex/hyperref/pd1enc.def
File: pd1enc.def 2024-11-05 v7.01l Hyperref: PDFDocEncoding definition (HO)
Now handling font encoding PD1 ...
... no UTF-8 mapping file for font encoding PD1
)
(/usr/local/texlive/2025/texmf-dist/tex/generic/intcalc/intcalc.sty
Package: intcalc 2019/12/15 v1.3 Expandable calculations with integers (HO)
)
\Hy@SavedSpaceFactor=\count297

(/usr/local/texlive/2025/texmf-dist/tex/latex/hyperref/puenc.def
File: puenc.def 2024-11-05 v7.01l Hyperref: PDF Unicode definition (HO)
Now handling font encoding PU ...
... no UTF-8 mapping file for font encoding PU
)
Package hyperref Info: Option `breaklinks' set `true' on input line 4040.
Package hyperref Info: Hyper figures OFF on input line 4157.
Package hyperref Info: Link nesting OFF on input line 4162.
Package hyperref Info: Hyper index ON on input line 4165.
Package hyperref Info: Plain pages OFF on input line 4172.
Package hyperref Info: Backreferencing OFF on input line 4177.
Package hyperref Info: Implicit mode ON; LaTeX internals redefined.
Package hyperref Info: Bookmarks ON on input line 4424.
\c@Hy@tempcnt=\count298

(/usr/local/texlive/2025/texmf-dist/tex/latex/url/url.sty
\Urlmuskip=\muskip18
Package: url 2013/09/16  ver 3.4  Verb mode for urls, etc.
)
LaTeX Info: Redefining \url on input line 4763.
\XeTeXLinkMargin=\dimen177

(/usr/local/texlive/2025/texmf-dist/tex/generic/bitset/bitset.sty
Package: bitset 2019/12/09 v1.3 Handle bit-vector datatype (HO)

(/usr/local/texlive/2025/texmf-dist/tex/generic/bigintcalc/bigintcalc.sty
Package: bigintcalc 2019/12/15 v1.5 Expandable calculations on big integers (HO
)
))
\Fld@menulength=\count299
\Field@Width=\dimen178
\Fld@charsize=\dimen179
Package hyperref Info: Hyper figures OFF on input line 6042.
Package hyperref Info: Link nesting OFF on input line 6047.
Package hyperref Info: Hyper index ON on input line 6050.
Package hyperref Info: backreferencing OFF on input line 6057.
Package hyperref Info: Link coloring OFF on input line 6062.
Package hyperref Info: Link coloring with OCG OFF on input line 6067.
Package hyperref Info: PDF/A mode OFF on input line 6072.

(/usr/local/texlive/2025/texmf-dist/tex/latex/base/atbegshi-ltx.sty
Package: atbegshi-ltx 2021/01/10 v1.0c Emulation of the original atbegshi
package with kernel methods
)
\Hy@abspage=\count300
\c@Item=\count301
\c@Hfootnote=\count302
)
Package hyperref Info: Driver (autodetected): hpdftex.

(/usr/local/texlive/2025/texmf-dist/tex/latex/hyperref/hpdftex.def
File: hpdftex.def 2024-11-05 v7.01l Hyperref driver for pdfTeX

(/usr/local/texlive/2025/texmf-dist/tex/latex/base/atveryend-ltx.sty
Package: atveryend-ltx 2020/08/19 v1.0a Emulation of the original atveryend pac
kage
with kernel methods
)
\Fld@listcount=\count303
\c@bookmark@seq@number=\count304

(/usr/local/texlive/2025/texmf-dist/tex/latex/rerunfilecheck/rerunfilecheck.sty
Package: rerunfilecheck 2022-07-10 v1.10 Rerun checks for auxiliary files (HO)

(/usr/local/texlive/2025/texmf-dist/tex/generic/uniquecounter/uniquecounter.sty
Package: uniquecounter 2019/12/15 v1.4 Provide unlimited unique counter (HO)
)
Package uniquecounter Info: New unique counter `rerunfilecheck' on input line 2
85.
)
\Hy@SectionHShift=\skip70
)
Package hyperref Info: Option `colorlinks' set `true' on input line 10.
LaTeX Font Info:    Trying to load font information for OT1+ptm on input line 1
5.
 (/usr/local/texlive/2025/texmf-dist/tex/latex/psnfss/ot1ptm.fd
File: ot1ptm.fd 2001/06/04 font definitions for OT1/ptm.
)
(/usr/local/texlive/2025/texmf-dist/tex/latex/l3backend/l3backend-pdftex.def
File: l3backend-pdftex.def 2024-05-08 L3 backend support: PDF output (pdfTeX)
\l__color_backend_stack_int=\count305
\l__pdf_internal_box=\box56
)
(submission/report/final_report.aux)
\openout1 = `final_report.aux'.

LaTeX Font Info:    Checking defaults for OML/cmm/m/it on input line 15.
LaTeX Font Info:    ... okay on input line 15.
LaTeX Font Info:    Checking defaults for OMS/cmsy/m/n on input line 15.
LaTeX Font Info:    ... okay on input line 15.
LaTeX Font Info:    Checking defaults for OT1/cmr/m/n on input line 15.
LaTeX Font Info:    ... okay on input line 15.
LaTeX Font Info:    Checking defaults for T1/cmr/m/n on input line 15.
LaTeX Font Info:    ... okay on input line 15.
LaTeX Font Info:    Checking defaults for TS1/cmr/m/n on input line 15.
LaTeX Font Info:    ... okay on input line 15.
LaTeX Font Info:    Checking defaults for OMX/cmex/m/n on input line 15.
LaTeX Font Info:    ... okay on input line 15.
LaTeX Font Info:    Checking defaults for U/cmr/m/n on input line 15.
LaTeX Font Info:    ... okay on input line 15.
LaTeX Font Info:    Checking defaults for PD1/pdf/m/n on input line 15.
LaTeX Font Info:    ... okay on input line 15.
LaTeX Font Info:    Checking defaults for PU/pdf/m/n on input line 15.
LaTeX Font Info:    ... okay on input line 15.

(/usr/local/texlive/2025/texmf-dist/tex/context/base/mkii/supp-pdf.mkii
[Loading MPS to PDF converter (version 2006.09.02).]
\scratchcounter=\count306
\scratchdimen=\dimen180
\scratchbox=\box57
\nofMPsegments=\count307
\nofMParguments=\count308
\everyMPshowfont=\toks28
\MPscratchCnt=\count309
\MPscratchDim=\dimen181
\MPnumerator=\count310
\makeMPintoPDFobject=\count311
\everyMPtoPDFconversion=\toks29
) (/usr/local/texlive/2025/texmf-dist/tex/latex/epstopdf-pkg/epstopdf-base.sty
Package: epstopdf-base 2020-01-24 v2.11 Base part for package epstopdf
Package epstopdf-base Info: Redefining graphics rule for `.eps' on input line 4
85.

(/usr/local/texlive/2025/texmf-dist/tex/latex/latexconfig/epstopdf-sys.cfg
File: epstopdf-sys.cfg 2010/07/13 v1.3 Configuration of (r)epstopdf for TeX Liv
e
))
*geometry* driver: auto-detecting
*geometry* detected driver: pdftex
*geometry* verbose mode - [ preamble ] result:
* driver: pdftex
* paper: letterpaper
* layout: <same size as paper>
* layoutoffset:(h,v)=(0.0pt,0.0pt)
* modes: 
* h-part:(L,W,R)=(54.2025pt, 505.89pt, 54.2025pt)
* v-part:(T,H,B)=(54.2025pt, 686.56499pt, 54.2025pt)
* \paperwidth=614.295pt
* \paperheight=794.96999pt
* \textwidth=505.89pt
* \textheight=686.56499pt
* \oddsidemargin=-18.06749pt
* \evensidemargin=-18.06749pt
* \topmargin=-55.06749pt
* \headheight=12.0pt
* \headsep=25.0pt
* \topskip=10.0pt
* \footskip=30.0pt
* \marginparwidth=4.0pt
* \marginparsep=10.0pt
* \columnsep=16.62178pt
* \skip\footins=9.0pt plus 4.0pt minus 2.0pt
* \hoffset=0.0pt
* \voffset=0.0pt
* \mag=1000
* \@twocolumntrue
* \@twosidefalse
* \@mparswitchfalse
* \@reversemarginfalse
* (1in=72.27pt=25.4mm, 1cm=28.453pt)

LaTeX Info: Redefining \microtypecontext on input line 15.
Package microtype Info: Applying patch `item' on input line 15.
Package microtype Info: Applying patch `toc' on input line 15.
Package microtype Info: Applying patch `eqnum' on input line 15.
Package microtype Info: Applying patch `footnote' on input line 15.
Package microtype Info: Applying patch `verbatim' on input line 15.
LaTeX Info: Redefining \microtypesetup on input line 15.
Package microtype Info: Generating PDF output.
Package microtype Info: Character protrusion enabled (level 2).
Package microtype Info: Using default protrusion set `alltext'.
Package microtype Info: Automatic font expansion enabled (level 2),
(microtype)             stretch: 20, shrink: 20, step: 1, non-selected.
Package microtype Info: Using default expansion set `alltext-nott'.
LaTeX Info: Redefining \showhyphens on input line 15.
Package microtype Info: No adjustment of tracking.
Package microtype Info: No adjustment of interword spacing.
Package microtype Info: No adjustment of character kerning.
(/usr/local/texlive/2025/texmf-dist/tex/latex/microtype/mt-ptm.cfg
File: mt-ptm.cfg 2006/04/20 v1.7 microtype config. file: Times (RS)
)
Package hyperref Info: Link coloring ON on input line 15.

(submission/report/final_report.out) (submission/report/final_report.out)
\@outlinefile=\write3
\openout3 = `final_report.out'.


(/usr/local/texlive/2025/texmf-dist/tex/latex/microtype/mt-cmr.cfg
File: mt-cmr.cfg 2013/05/19 v2.2 microtype config. file: Computer Modern Roman 
(RS)
)
LaTeX Font Info:    Trying to load font information for U+msa on input line 17.


(/usr/local/texlive/2025/texmf-dist/tex/latex/amsfonts/umsa.fd
File: umsa.fd 2013/01/14 v3.01 AMS symbols A
)
(/usr/local/texlive/2025/texmf-dist/tex/latex/microtype/mt-msa.cfg
File: mt-msa.cfg 2006/02/04 v1.1 microtype config. file: AMS symbols (a) (RS)
)
LaTeX Font Info:    Trying to load font information for U+msb on input line 17.


(/usr/local/texlive/2025/texmf-dist/tex/latex/amsfonts/umsb.fd
File: umsb.fd 2013/01/14 v3.01 AMS symbols B
)
(/usr/local/texlive/2025/texmf-dist/tex/latex/microtype/mt-msb.cfg
File: mt-msb.cfg 2005/06/01 v1.0 microtype config. file: AMS symbols (b) (RS)
)
Underfull \vbox (badness 6236) has occurred while \output is active []



LaTeX Font Info:    Trying to load font information for OT1+pcr on input line 4
0.
(/usr/local/texlive/2025/texmf-dist/tex/latex/psnfss/ot1pcr.fd
File: ot1pcr.fd 2001/06/04 font definitions for OT1/pcr.
)
Package microtype Info: Loading generic protrusion settings for font family
(microtype)             `pcr' (encoding: OT1).
(microtype)             For optimal results, create family-specific settings.
(microtype)             See the microtype manual for details.

Underfull \hbox (badness 10000) in paragraph at lines 40--41
\OT1/ptm/m/n/10 (+20) The script is lo-cated at
 []


Underfull \hbox (badness 10000) in paragraph at lines 40--41
\OT1/pcr/m/n/10 submission/code/project[]run.py\OT1/ptm/m/n/10 (+20) . It loads

 []



[1{/usr/local/texlive/2025/texmf-var/fonts/map/pdftex/updmap/pdftex.map}{/usr/l
ocal/texlive/2025/texmf-dist/fonts/enc/dvips/base/8r.enc}


]


Underfull \hbox (badness 10000) in paragraph at lines 79--79
[]\OT1/ptm/m/n/10 (+20) Table 1: []Canonical eval-u-a-tion cases stored un-der
 []


Overfull \hbox (52.72325pt too wide) in paragraph at lines 81--90
 [][] 
 []



[2]
Overfull \hbox (625.36589pt too wide) in paragraph at lines 96--96
[]\OT1/pcr/m/n/10 python3 -m pip install torch torchvision torchaudio diffusers
 transformers accelerate scipy safetensors opencv-python segment-anything matpl
otlib[] 
 []

! Missing $ inserted.
<inserted text> 
                $
l.105 ...hon3 submission/code/evaluate_metrics.py}
                                                  `). Sample images stay und...
I've inserted a begin-math/end-math symbol since I think
you left one out. Proceed, with fingers crossed.

! Extra }, or forgotten $.
<recently read> \egroup 
                        
l.105 ...hon3 submission/code/evaluate_metrics.py}
                                                  `). Sample images stay und...
I've deleted a group-closing symbol because it seems to be
spurious, as in `$x}$'. But perhaps the } is legitimate and
you forgot something else, as in `\hbox{$x}'. In such cases
the way to recover is to insert both the forgotten and the
deleted material, e.g., by typing `I$}'.

! Missing $ inserted.
<inserted text> 
                $
l.106 
      
I've inserted a begin-math/end-math symbol since I think
you left one out. Proceed, with fingers crossed.


Underfull \hbox (badness 10000) in paragraph at lines 105--106
\OT1/ptm/m/n/10 (+20) check-point place-ment (`mod-els/sam[]vit[]h[]4b8939.pth`
),
 []


Underfull \hbox (badness 10000) in paragraph at lines 105--106
\OT1/ptm/m/n/10 (+20) and lists the com-mands to run the pipeline
 []


Underfull \hbox (badness 10000) in paragraph at lines 105--106
\OT1/ptm/m/n/10 (+20) (`\OT1/pcr/m/n/10 python3 submission/code/project[]run.py
\OT1/ptm/m/n/10 (+20) `)
 []


Underfull \hbox (badness 10000) in paragraph at lines 105--106
\OT1/ptm/m/n/10 (+20) and the met-ric script (`\OT1/pcr/m/n/10 python3
 []


Overfull \hbox (1418.99763pt too wide) in paragraph at lines 105--106
\OT1/pcr/m/n/10 submission/code/evaluate$[]\OML/cmm/m/it/10 etrics:py\OT1/cmr/m
/n/10 `)\OML/cmm/m/it/10 :Sampleimagesstayunder[]; checkpointsunder[]; andresul
tsunder[]; keepingthesubmissionbundleclean:Thisfolderlayoutmakesitstraightforwa
rdtozipthe\OT1/cmr/m/n/10 `\OML/cmm/m/it/10 submission=\OT1/cmr/m/n/10 `\OML/cm
m/m/it/10 directory\OT1/cmr/m/n/10 (\OML/cmm/m/it/10 whichcontainstheproposal; 
finalreport; andcode\OT1/cmr/m/n/10 )\OML/cmm/m/it/10 forCanvassubmissionandkee
pheavyassetsoutsidethesubmissionarchive:$ 
 []


Underfull \hbox (badness 10000) in paragraph at lines 107--108
[]\OT1/pcr/m/n/10 To regenerate the final report figures,
 []


Underfull \hbox (badness 10000) in paragraph at lines 107--108
\OT1/pcr/m/n/10 simply delete the `results/` artifacts
 []


Underfull \hbox (badness 10000) in paragraph at lines 107--108
\OT1/pcr/m/n/10 and rerun the script on a GPU machine;
 []


Underfull \hbox (badness 10000) in paragraph at lines 107--108
\OT1/pcr/m/n/10 the outputs will land back in `results/`
 []


Underfull \hbox (badness 10000) in paragraph at lines 107--108
\OT1/pcr/m/n/10 with predictable filenames (`case[]*`).
 []


Underfull \hbox (badness 10000) in paragraph at lines 107--108
\OT1/pcr/m/n/10 The README also reminds the user to
 []


Underfull \hbox (badness 10000) in paragraph at lines 107--108
\OT1/pcr/m/n/10 download the SAM checkpoint manually
 []


Underfull \hbox (badness 10000) in paragraph at lines 107--108
\OT1/pcr/m/n/10 from the official release page before
 []


Underfull \hbox (badness 10000) in paragraph at lines 107--108
\OT1/pcr/m/n/10 running the script, ensuring no missing
 []


Underfull \hbox (badness 10000) in paragraph at lines 107--108
\OT1/pcr/m/n/10 dependencies once the environment is
 []


Underfull \hbox (badness 10000) in paragraph at lines 110--111
\OT1/pcr/m/n/10 The pipeline depends
 []


Underfull \hbox (badness 10000) in paragraph at lines 110--111
\OT1/pcr/m/n/10 on public checkpoints:
 []


Underfull \hbox (badness 10000) in paragraph at lines 110--111
\OT1/pcr/m/n/10 `timbrooks/instruct-pix2pix` from Hugging
 []


Underfull \hbox (badness 10000) in paragraph at lines 110--111
\OT1/pcr/m/n/10 Face and `sam[]vit[]h[]4b8939.pth` from
 []


Underfull \hbox (badness 10000) in paragraph at lines 110--111
\OT1/pcr/m/n/10 Facebook Research. Both models are
 []


Underfull \hbox (badness 10000) in paragraph at lines 110--111
\OT1/pcr/m/n/10 released under permissive licenses
 []


Underfull \hbox (badness 10000) in paragraph at lines 110--111
\OT1/pcr/m/n/10 (MIT-style for InstructPix2Pix and
 []


Underfull \hbox (badness 10000) in paragraph at lines 110--111
\OT1/pcr/m/n/10 Apache 2.0 for SAM), so the code and
 []


Underfull \hbox (badness 10000) in paragraph at lines 110--111
\OT1/pcr/m/n/10 results can be shared with attribution.
 []


Underfull \hbox (badness 10000) in paragraph at lines 110--111
\OT1/pcr/m/n/10 We log the exact versions in the README
 []


Underfull \hbox (badness 10000) in paragraph at lines 110--111
\OT1/pcr/m/n/10 to avoid drift and ensure anyone
 []


Underfull \hbox (badness 10000) in paragraph at lines 110--111
\OT1/pcr/m/n/10 reopening the project loads the same
 []


Underfull \vbox (badness 1320) has occurred while \output is active []




Underfull \hbox (badness 10000) in paragraph at lines 113--114
\OT1/pcr/m/n/10 Several practical issues arose during
 []


Underfull \hbox (badness 10000) in paragraph at lines 113--114
\OT1/pcr/m/n/10 development. First, PyTorch on macOS
 []


Underfull \hbox (badness 10000) in paragraph at lines 113--114
\OT1/pcr/m/n/10 installs CPU-only binaries by default,
 []


Underfull \hbox (badness 10000) in paragraph at lines 113--114
\OT1/pcr/m/n/10 so the pipeline crashes if run with
 []


Underfull \hbox (badness 10000) in paragraph at lines 113--114
\OT1/pcr/m/n/10 CUDA-specific flags. Installing the
 []


Underfull \hbox (badness 10000) in paragraph at lines 113--114
\OT1/pcr/m/n/10 standard `torch` package via `python3 -m
 []


Underfull \hbox (badness 10000) in paragraph at lines 113--114
\OT1/pcr/m/n/10 pip install torch torchvision torchaudio`
 []


Underfull \hbox (badness 10000) in paragraph at lines 113--114
\OT1/pcr/m/n/10 works, but for actual experiments the
 []


Underfull \hbox (badness 10000) in paragraph at lines 113--114
\OT1/pcr/m/n/10 same command should run on a CUDA host
 []


Underfull \hbox (badness 10000) in paragraph at lines 113--114
\OT1/pcr/m/n/10 to fetch GPU-enabled wheels. Second,
 []


Underfull \hbox (badness 10000) in paragraph at lines 113--114
\OT1/pcr/m/n/10 SAM masks must be resized back to
 []


Underfull \hbox (badness 10000) in paragraph at lines 113--114
\OT1/pcr/m/n/10 512$\OMS/cmsy/m/n/10 ^^B$\OT1/pcr/m/n/10 512 after prediction t
o align with
 []


Underfull \hbox (badness 10000) in paragraph at lines 113--114
\OT1/pcr/m/n/10 the diffusion output, so we aggressively
 []


Underfull \hbox (badness 10000) in paragraph at lines 113--114
\OT1/pcr/m/n/10 use nearest-neighbor interpolation to
 []


Underfull \hbox (badness 10000) in paragraph at lines 115--116
[]\OT1/pcr/m/n/10 Third, InstructPix2Pix consumes
 []


Underfull \hbox (badness 10000) in paragraph at lines 115--116
\OT1/pcr/m/n/10 a lot of VRAM, so the script loads
 []


Underfull \hbox (badness 10000) in paragraph at lines 115--116
\OT1/pcr/m/n/10 the pipeline once and reuses it for
 []


Underfull \hbox (badness 10000) in paragraph at lines 115--116
\OT1/pcr/m/n/10 every case; this prevents repeated
 []


Underfull \hbox (badness 10000) in paragraph at lines 115--116
\OT1/pcr/m/n/10 initialization from exceeding system
 []


Underfull \hbox (badness 10000) in paragraph at lines 115--116
\OT1/pcr/m/n/10 memory. Logging statements before and
 []


Underfull \hbox (badness 10000) in paragraph at lines 115--116
\OT1/pcr/m/n/10 after each major step help detect stalls
 []


Underfull \hbox (badness 10000) in paragraph at lines 115--116
\OT1/pcr/m/n/10 or missing files (e.g., a missing SAM
 []


Underfull \hbox (badness 10000) in paragraph at lines 115--116
\OT1/pcr/m/n/10 checkpoint). These observations will be
 []


Underfull \hbox (badness 10000) in paragraph at lines 115--116
\OT1/pcr/m/n/10 included in the final README so others
 []


Underfull \hbox (badness 10000) in paragraph at lines 118--119
\OT1/pcr/m/n/10 The three curated examples demonstrate
 []


Underfull \hbox (badness 10000) in paragraph at lines 118--119
\OT1/pcr/m/n/10 the different categories of edits we
 []


Underfull \hbox (badness 10000) in paragraph at lines 120--121
[]\OT1/pcr/b/n/10 Shirt recoloring: \OT1/pcr/m/n/10 The original
 []


Underfull \hbox (badness 10000) in paragraph at lines 120--121
\OT1/pcr/m/n/10 portrait has a neutral jacket, and
 []


Underfull \hbox (badness 10000) in paragraph at lines 120--121
\OT1/pcr/m/n/10 the instruction ``Change the shirt to
 []


Underfull \hbox (badness 10000) in paragraph at lines 120--121
\OT1/pcr/m/n/10 bright red leather'' requires precise
 []


Underfull \hbox (badness 10000) in paragraph at lines 120--121
\OT1/pcr/m/n/10 control around the upper torso. SAM
 []


Underfull \hbox (badness 10000) in paragraph at lines 120--121
\OT1/pcr/m/n/10 isolates the jacket, and the blended
 []


Underfull \hbox (badness 10000) in paragraph at lines 120--121
\OT1/pcr/m/n/10 edit recolors it while keeping the
 []



[3]
Underfull \hbox (badness 10000) in paragraph at lines 121--122
[]\OT1/pcr/m/n/10 The mask is typically tight around
 []


Underfull \hbox (badness 10000) in paragraph at lines 121--122
\OT1/pcr/m/n/10 the garment, so we do not rely on
 []


Underfull \hbox (badness 10000) in paragraph at lines 121--122
\OT1/pcr/m/n/10 dilations or manual brush strokes.
 []


Underfull \hbox (badness 10000) in paragraph at lines 121--122
\OT1/pcr/m/n/10 Post-hoc inspection of the mask PNG
 []


Underfull \hbox (badness 10000) in paragraph at lines 121--122
\OT1/pcr/m/n/10 ensures the user-selected point falls
 []


Underfull \hbox (badness 10000) in paragraph at lines 122--123
[]\OT1/pcr/b/n/10 Dog transformation: \OT1/pcr/m/n/10 A puppy sits
 []


Underfull \hbox (badness 10000) in paragraph at lines 122--123
\OT1/pcr/m/n/10 on a grassy meadow. The instruction
 []


Underfull \hbox (badness 10000) in paragraph at lines 122--123
\OT1/pcr/m/n/10 ``Turn the dog into a playful robot''
 []


Underfull \hbox (badness 10000) in paragraph at lines 122--123
\OT1/pcr/m/n/10 should not affect the grass or sky.
 []


Underfull \hbox (badness 10000) in paragraph at lines 122--123
\OT1/pcr/m/n/10 The mask-guided edit keeps the
 []


Underfull \hbox (badness 10000) in paragraph at lines 122--123
\OT1/pcr/m/n/10 environment static while allowing
 []


Underfull \hbox (badness 10000) in paragraph at lines 122--123
\OT1/pcr/m/n/10 metallic textures to appear over the
 []


Underfull \hbox (badness 10000) in paragraph at lines 123--124
[]\OT1/pcr/m/n/10 We expect the mask to cover the
 []


Underfull \hbox (badness 10000) in paragraph at lines 123--124
\OT1/pcr/m/n/10 entire dog silhouette because the
 []


Underfull \hbox (badness 10000) in paragraph at lines 123--124
\OT1/pcr/m/n/10 click targets the center of mass;
 []


Underfull \hbox (badness 10000) in paragraph at lines 123--124
\OT1/pcr/m/n/10 this makes the edit appear as a
 []


Underfull \hbox (badness 10000) in paragraph at lines 124--125
[]\OT1/pcr/b/n/10 Car restyling: \OT1/pcr/m/n/10 A street scene with
 []


Underfull \hbox (badness 10000) in paragraph at lines 124--125
\OT1/pcr/m/n/10 a car is retargeted to ``Make the car
 []


Underfull \hbox (badness 10000) in paragraph at lines 124--125
\OT1/pcr/m/n/10 glow like a futuristic hovercraft.''
 []


Underfull \hbox (badness 10000) in paragraph at lines 124--125
\OT1/pcr/m/n/10 SAM isolates the vehicle's body so
 []


Underfull \hbox (badness 10000) in paragraph at lines 124--125
\OT1/pcr/m/n/10 the street, pedestrians, and skyline
 []


Underfull \hbox (badness 10000) in paragraph at lines 124--125
\OT1/pcr/m/n/10 remain in their original state,
 []


Underfull \hbox (badness 10000) in paragraph at lines 124--125
\OT1/pcr/m/n/10 while the car itself acquires neon
 []


Underfull \hbox (badness 10000) in paragraph at lines 125--126
[]\OT1/pcr/m/n/10 This case also shows how mask
 []


Underfull \hbox (badness 10000) in paragraph at lines 125--126
\OT1/pcr/m/n/10 blending prevents the diffusion
 []


Underfull \hbox (badness 10000) in paragraph at lines 125--126
\OT1/pcr/m/n/10 model from altering the pavement or
 []


Underfull \hbox (badness 10000) in paragraph at lines 125--126
\OT1/pcr/m/n/10 introducing lighting changes outside
 []


Underfull \hbox (badness 10000) in paragraph at lines 129--130
\OT1/pcr/m/n/10 Running all three canonical cases
 []


Underfull \hbox (badness 10000) in paragraph at lines 129--130
\OT1/pcr/m/n/10 revealed a few notable behaviors: the
 []


Underfull \hbox (badness 10000) in paragraph at lines 129--130
\OT1/pcr/m/n/10 shirt edit often benefits from slight
 []


Underfull \hbox (badness 10000) in paragraph at lines 129--130
\OT1/pcr/m/n/10 increases in image[]guidance[]scale, the
 []


Underfull \hbox (badness 10000) in paragraph at lines 129--130
\OT1/pcr/m/n/10 dog edit tends to saturate faster, and
 []


Underfull \hbox (badness 10000) in paragraph at lines 129--130
\OT1/pcr/m/n/10 the car edit occasionally pushes neon
 []


Underfull \hbox (badness 10000) in paragraph at lines 129--130
\OT1/pcr/m/n/10 highlights into shadows. Documenting
 []


Underfull \hbox (badness 10000) in paragraph at lines 129--130
\OT1/pcr/m/n/10 these observations helps tune future
 []


Underfull \hbox (badness 10000) in paragraph at lines 129--130
\OT1/pcr/m/n/10 experiments and provides qualitative
 []


Underfull \hbox (badness 10000) in paragraph at lines 129--130
\OT1/pcr/m/n/10 bullet points for the final report. We
 []


Underfull \hbox (badness 10000) in paragraph at lines 129--130
\OT1/pcr/m/n/10 also log the click coordinates next to
 []


Underfull \hbox (badness 10000) in paragraph at lines 129--130
\OT1/pcr/m/n/10 each output so the same setup can be
 []


Underfull \hbox (badness 10000) in paragraph at lines 132--133
\OT1/pcr/m/n/10 Beyond the qualitative comparisons, the
 []


Underfull \hbox (badness 10000) in paragraph at lines 132--133
\OT1/pcr/m/n/10 plan includes a lightweight evaluation
 []


Underfull \vbox (badness 2065) has occurred while \output is active []



LaTeX Font Info:    Trying to load font information for TS1+ptm on input line 1
34.
(/usr/local/texlive/2025/texmf-dist/tex/latex/psnfss/ts1ptm.fd
File: ts1ptm.fd 2001/06/04 font definitions for TS1/ptm.
)
Underfull \hbox (badness 10000) in paragraph at lines 134--135
[]\OT1/pcr/b/n/10 Spatial precision: \OT1/pcr/m/n/10 Compute the
 []


Underfull \hbox (badness 10000) in paragraph at lines 134--135
\OT1/pcr/m/n/10 absolute difference between the
 []


Underfull \hbox (badness 10000) in paragraph at lines 134--135
\OT1/pcr/m/n/10 baseline edit and the original
 []


Underfull \hbox (badness 10000) in paragraph at lines 134--135
\OT1/pcr/m/n/10 image, threshold that change map,
 []


Underfull \hbox (badness 10000) in paragraph at lines 134--135
\OT1/pcr/m/n/10 and intersect it with the SAM mask
 []


Underfull \hbox (badness 10000) in paragraph at lines 134--135
\OT1/pcr/m/n/10 to obtain mIoU scores that reflect
 []


Underfull \hbox (badness 10000) in paragraph at lines 134--135
\OT1/pcr/m/n/10 how well edits stay within the target
 []


Underfull \hbox (badness 10000) in paragraph at lines 135--136
[]\OT1/pcr/b/n/10 Instruction fidelity: \OT1/pcr/m/n/10 Use CLIP
 []


Underfull \hbox (badness 10000) in paragraph at lines 135--136
\OT1/pcr/m/n/10 similarity between the edited
 []


Underfull \hbox (badness 10000) in paragraph at lines 135--136
\OT1/pcr/m/n/10 image and the instruction text, and
 []


Underfull \hbox (badness 10000) in paragraph at lines 135--136
\OT1/pcr/m/n/10 optionally compare ranks when scoring
 []


Underfull \hbox (badness 10000) in paragraph at lines 135--136
\OT1/pcr/m/n/10 a batch of edits against multiple
 []


Underfull \hbox (badness 10000) in paragraph at lines 136--137
[]\OT1/pcr/b/n/10 Human study template: \OT1/pcr/m/n/10 Prepare a
 []


Underfull \hbox (badness 10000) in paragraph at lines 136--137
\OT1/pcr/m/n/10 short survey where participants rate
 []


Underfull \hbox (badness 10000) in paragraph at lines 136--137
\OT1/pcr/m/n/10 whether the edit stayed inside the
 []


Underfull \hbox (badness 10000) in paragraph at lines 136--137
\OT1/pcr/m/n/10 mask and whether it reflects the
 []


Underfull \hbox (badness 10000) in paragraph at lines 136--137
\OT1/pcr/m/n/10 instruction. With 10{15 raters,
 []


Underfull \hbox (badness 10000) in paragraph at lines 136--137
\OT1/pcr/m/n/10 report mean Likert scores and
 []


Underfull \hbox (badness 10000) in paragraph at lines 139--140
[]\OT1/pcr/m/n/10 These metrics complement the
 []


Underfull \hbox (badness 10000) in paragraph at lines 139--140
\OT1/pcr/m/n/10 qualitative figures. The mIoU provides
 []


Underfull \hbox (badness 10000) in paragraph at lines 139--140
\OT1/pcr/m/n/10 a hard quantitative signal for spatial
 []


Underfull \hbox (badness 10000) in paragraph at lines 139--140
\OT1/pcr/m/n/10 control, CLIP scores capture semantic
 []


Underfull \hbox (badness 10000) in paragraph at lines 139--140
\OT1/pcr/m/n/10 compliance with the instruction, and the
 []


Underfull \hbox (badness 10000) in paragraph at lines 139--140
\OT1/pcr/m/n/10 human study documents perceived fidelity.
 []


Underfull \hbox (badness 10000) in paragraph at lines 139--140
\OT1/pcr/m/n/10 Together, they satisfy the assignment's
 []


Underfull \hbox (badness 10000) in paragraph at lines 139--140
\OT1/pcr/m/n/10 request for both automatic metrics and
 []

! Missing $ inserted.
<inserted text> 
                $
l.141 ...pository ships `submission/code/evaluate_
                                                  metrics.py`, which scans `...
I've inserted a begin-math/end-math symbol since I think
you left one out. Proceed, with fingers crossed.

! Missing $ inserted.
<inserted text> 
                $
l.142 
      
I've inserted a begin-math/end-math symbol since I think
you left one out. Proceed, with fingers crossed.


Underfull \hbox (badness 10000) in paragraph at lines 141--142
[]\OT1/pcr/m/n/10 The repository ships
 []


Overfull \hbox (1067.10011pt too wide) in paragraph at lines 141--142
\OT1/pcr/m/n/10 `submission/code/evaluate$[]\OML/cmm/m/it/10 etrics:py\OT1/cmr/
m/n/10 `\OML/cmm/m/it/10 ; whichscans\OT1/cmr/m/n/10 `\OML/cmm/m/it/10 results=
\OT1/cmr/m/n/10 `\OML/cmm/m/it/10 ; computesmIoUandCLIPforeachcanonicalcase; an
dwrites\OT1/cmr/m/n/10 `\OML/cmm/m/it/10 results=metrics[]ummary:csv\OT1/cmr/m/
n/10 `\OML/cmm/m/it/10 :RunningthishelperaftertheGPUexperimentssurfacesthenumer
icevidenceyouneedforthepaperwithoutmanuallyscriptingthecomparisons:$ 
 []


Underfull \hbox (badness 10000) in paragraph at lines 144--145
\OT1/pcr/m/n/10 The original proposal anticipated a
 []


Underfull \hbox (badness 10000) in paragraph at lines 144--145
\OT1/pcr/m/n/10 four-week timeline, and the current
 []


Underfull \hbox (badness 10000) in paragraph at lines 144--145
\OT1/pcr/m/n/10 implementation follows this cadence:
 []


Underfull \hbox (badness 10000) in paragraph at lines 144--145
\OT1/pcr/m/n/10 Week 1 covered literature review and
 []


Underfull \hbox (badness 10000) in paragraph at lines 144--145
\OT1/pcr/m/n/10 baseline setup, Week 2 built the SAM
 []


Underfull \hbox (badness 10000) in paragraph at lines 144--145
\OT1/pcr/m/n/10 pipeline and data plumbing, Week 3
 []


Underfull \hbox (badness 10000) in paragraph at lines 144--145
\OT1/pcr/m/n/10 developed the mask-blended integration,
 []


Underfull \hbox (badness 10000) in paragraph at lines 144--145
\OT1/pcr/m/n/10 and Week 4 focuses on evaluation
 []


Underfull \hbox (badness 10000) in paragraph at lines 144--145
\OT1/pcr/m/n/10 artifacts and the final report. Because
 []


Underfull \hbox (badness 10000) in paragraph at lines 144--145
\OT1/pcr/m/n/10 inference on this machine is CPU-bound,
 []


Underfull \hbox (badness 10000) in paragraph at lines 144--145
\OT1/pcr/m/n/10 the timeline now includes an extra step
 []


Underfull \hbox (badness 10000) in paragraph at lines 144--145
\OT1/pcr/m/n/10 for rerunning the script on GPU within
 []


Underfull \hbox (badness 10000) in paragraph at lines 144--145
\OT1/pcr/m/n/10 Week 4 so the PNG outputs are ready for
 []


Underfull \hbox (badness 10000) in paragraph at lines 146--147
[]\OT1/pcr/m/n/10 Primary risks include SAM
 []


Underfull \hbox (badness 10000) in paragraph at lines 146--147
\OT1/pcr/m/n/10 missegmentations (mitigated by reviewing
 []


Underfull \hbox (badness 10000) in paragraph at lines 146--147
\OT1/pcr/m/n/10 masks for the chosen cases), GPU time
 []


Underfull \hbox (badness 10000) in paragraph at lines 146--147
\OT1/pcr/m/n/10 constraints (mitigated by planning
 []


Underfull \hbox (badness 10000) in paragraph at lines 146--147
\OT1/pcr/m/n/10 for a Colab or remote GPU run), and
 []


Underfull \hbox (badness 10000) in paragraph at lines 146--147
\OT1/pcr/m/n/10 documentation completeness (mitigated
 []


Underfull \hbox (badness 10000) in paragraph at lines 146--147
\OT1/pcr/m/n/10 by this report, README, and the repo
 []


Underfull \hbox (badness 10000) in paragraph at lines 146--147
\OT1/pcr/m/n/10 organization). Each risk maps to a
 []


Underfull \hbox (badness 10000) in paragraph at lines 146--147
\OT1/pcr/m/n/10 concrete mitigation action so the final
 []



[4]
Underfull \hbox (badness 10000) in paragraph at lines 149--150
[]\OT1/pcr/b/n/10 Week 1\OT1/pcr/m/n/10 : Read papers and reproduce
 []


Underfull \hbox (badness 10000) in paragraph at lines 150--151
[]\OT1/pcr/b/n/10 Week 2\OT1/pcr/m/n/10 : Implement SAM-based mask
 []


Underfull \hbox (badness 10000) in paragraph at lines 151--152
[]\OT1/pcr/b/n/10 Week 3\OT1/pcr/m/n/10 : Add mask blending to the
 []


Underfull \hbox (badness 10000) in paragraph at lines 151--152
\OT1/pcr/m/n/10 routine, validate on the three
 []


Underfull \hbox (badness 10000) in paragraph at lines 152--153
[]\OT1/pcr/b/n/10 Week 4\OT1/pcr/m/n/10 : Run GPU inference to collect
 []


Underfull \hbox (badness 10000) in paragraph at lines 152--153
\OT1/pcr/m/n/10 results, finalize report, and package
 []


Underfull \hbox (badness 10000) in paragraph at lines 156--157
\OT1/pcr/m/n/10 The mask-blended inference strategy
 []


Underfull \hbox (badness 10000) in paragraph at lines 156--157
\OT1/pcr/m/n/10 effectively keeps non-target regions
 []


Underfull \hbox (badness 10000) in paragraph at lines 156--157
\OT1/pcr/m/n/10 static without retraining, which makes
 []


Underfull \hbox (badness 10000) in paragraph at lines 156--157
\OT1/pcr/m/n/10 it ideal for tight deadlines and limited
 []


Underfull \hbox (badness 10000) in paragraph at lines 156--157
\OT1/pcr/m/n/10 compute budgets. Anyone can swap masks,
 []


Underfull \hbox (badness 10000) in paragraph at lines 156--157
\OT1/pcr/m/n/10 instructions, or images instantly, and
 []


Underfull \hbox (badness 10000) in paragraph at lines 156--157
\OT1/pcr/m/n/10 the deterministic blending step keeps
 []


Underfull \hbox (badness 10000) in paragraph at lines 156--157
\OT1/pcr/m/n/10 the workflow easy to inspect because
 []


Underfull \hbox (badness 10000) in paragraph at lines 156--157
\OT1/pcr/m/n/10 each output can be traced back to a
 []


Underfull \hbox (badness 10000) in paragraph at lines 159--160
\OT1/pcr/m/n/10 Because the blending happens after
 []


Underfull \hbox (badness 10000) in paragraph at lines 159--160
\OT1/pcr/m/n/10 the full diffusion pass, intermediate
 []


Underfull \hbox (badness 10000) in paragraph at lines 159--160
\OT1/pcr/m/n/10 timesteps still contain unmasked noise.
 []


Underfull \hbox (badness 10000) in paragraph at lines 159--160
\OT1/pcr/m/n/10 In other words, we constrain the result
 []


Underfull \hbox (badness 10000) in paragraph at lines 159--160
\OT1/pcr/m/n/10 but not the trajectory, so the generator
 []


Underfull \hbox (badness 10000) in paragraph at lines 159--160
\OT1/pcr/m/n/10 may still spend capacity modeling
 []


Underfull \hbox (badness 10000) in paragraph at lines 159--160
\OT1/pcr/m/n/10 the entire scene before we crop the
 []


Underfull \hbox (badness 10000) in paragraph at lines 159--160
\OT1/pcr/m/n/10 background back to the original. This
 []


Underfull \hbox (badness 10000) in paragraph at lines 159--160
\OT1/pcr/m/n/10 approach also relies on SAM producing
 []


Underfull \hbox (badness 10000) in paragraph at lines 159--160
\OT1/pcr/m/n/10 accurate masks from a single click,
 []


Underfull \hbox (badness 10000) in paragraph at lines 159--160
\OT1/pcr/m/n/10 which can fail on cluttered scenes or
 []


Underfull \hbox (badness 10000) in paragraph at lines 159--160
\OT1/pcr/m/n/10 when the click falls outside the object.
 []


Underfull \hbox (badness 10000) in paragraph at lines 159--160
\OT1/pcr/m/n/10 Finally, the current implementation runs
 []


Underfull \hbox (badness 10000) in paragraph at lines 159--160
\OT1/pcr/m/n/10 on CPU, so additional GPU resources are
 []


Underfull \hbox (badness 10000) in paragraph at lines 159--160
\OT1/pcr/m/n/10 required to finish the evaluation suite
 []


Underfull \hbox (badness 10000) in paragraph at lines 162--163
\OT1/pcr/m/n/10 Once the outputs are generated on a
 []


Underfull \hbox (badness 10000) in paragraph at lines 162--163
\OT1/pcr/m/n/10 GPU machine, we can compute a simple
 []


Underfull \hbox (badness 10000) in paragraph at lines 162--163
\OT1/pcr/m/n/10 change map by taking the absolute pixel
 []


Underfull \hbox (badness 10000) in paragraph at lines 162--163
\OT1/pcr/m/n/10 difference between the baseline edit
 []


Underfull \hbox (badness 10000) in paragraph at lines 162--163
\OT1/pcr/m/n/10 and the original image, binarizing that
 []


Underfull \hbox (badness 10000) in paragraph at lines 162--163
\OT1/pcr/m/n/10 map, and comparing it to the SAM mask
 []


Underfull \hbox (badness 10000) in paragraph at lines 162--163
\OT1/pcr/m/n/10 to yield a mean intersection-over-union
 []


Underfull \hbox (badness 10000) in paragraph at lines 162--163
\OT1/pcr/m/n/10 (mIoU) score. Instruction fidelity can
 []


Underfull \hbox (badness 10000) in paragraph at lines 162--163
\OT1/pcr/m/n/10 be approximated by a CLIP similarity
 []


Underfull \hbox (badness 10000) in paragraph at lines 162--163
\OT1/pcr/m/n/10 score between the edited image and
 []


Underfull \hbox (badness 10000) in paragraph at lines 162--163
\OT1/pcr/m/n/10 the textual instruction, or by ranking
 []


Underfull \hbox (badness 10000) in paragraph at lines 162--163
\OT1/pcr/m/n/10 multiple edits with a captioning model.
 []


Underfull \hbox (badness 10000) in paragraph at lines 162--163
\OT1/pcr/m/n/10 Because the blending is deterministic,
 []


Underfull \hbox (badness 10000) in paragraph at lines 162--163
\OT1/pcr/m/n/10 these comparisons will be reproducible
 []




Underfull \hbox (badness 10000) in paragraph at lines 167--168
[]\OT1/pcr/m/n/10 Install all dependencies (`torch`,
 []


Underfull \hbox (badness 10000) in paragraph at lines 167--168
\OT1/pcr/m/n/10 `diffusers`, `segment-anything`,
 []


Underfull \hbox (badness 10000) in paragraph at lines 167--168
\OT1/pcr/m/n/10 etc.) and download
 []


Underfull \hbox (badness 10000) in paragraph at lines 168--169
[]\OT1/pcr/m/n/10 Place your test images inside
 []


Underfull \hbox (badness 10000) in paragraph at lines 168--169
\OT1/pcr/m/n/10 `data/images/` and update the
 []


Underfull \hbox (badness 10000) in paragraph at lines 168--169
\OT1/pcr/m/n/10 prompt/click coordinates in
 []


Underfull \hbox (badness 10000) in paragraph at lines 168--169
\OT1/pcr/m/n/10 `submission/code/project[]run.py` as
 []


Underfull \hbox (badness 10000) in paragraph at lines 169--170
[]\OT1/pcr/m/n/10 Execute `python3
 []


Underfull \hbox (badness 10000) in paragraph at lines 169--170
\OT1/pcr/m/n/10 submission/code/project[]run.py`. The
 []


Underfull \hbox (badness 10000) in paragraph at lines 169--170
\OT1/pcr/m/n/10 script prints progress for each case
 []


Underfull \hbox (badness 10000) in paragraph at lines 170--171
[]\OT1/pcr/m/n/10 Collect the PNGs for each example
 []


Underfull \hbox (badness 10000) in paragraph at lines 170--171
\OT1/pcr/m/n/10 (e.g., case[]man[]shirt[]original.png,
 []


Underfull \hbox (badness 10000) in paragraph at lines 170--171
\OT1/pcr/m/n/10 case[]man[]shirt[]mask.png,
 []


Underfull \hbox (badness 10000) in paragraph at lines 170--171
\OT1/pcr/m/n/10 case[]man[]shirt[]baseline.png,
 []


Underfull \hbox (badness 10000) in paragraph at lines 170--171
\OT1/pcr/m/n/10 case[]man[]shirt[]ours.png) for the final
 []


Underfull \hbox (badness 10000) in paragraph at lines 173--174
[]\OT1/pcr/m/n/10 This appendix ensures reproducibility
 []


Underfull \hbox (badness 10000) in paragraph at lines 173--174
\OT1/pcr/m/n/10 without guessing which files to edit or
 []


Overfull \hbox (723.77464pt too wide) in paragraph at lines 181--191
 [][] 
 []


Underfull \hbox (badness 10000) in paragraph at lines 176--192
\OT1/pcr/m/n/10 The following commands capture the key
 []


Underfull \hbox (badness 10000) in paragraph at lines 176--192
\OT1/pcr/m/n/10 steps from environment setup through
 []


Underfull \hbox (badness 10000) in paragraph at lines 193--194
[]\OT1/pcr/m/n/10 Keeping this table updated helps the
 []


Underfull \hbox (badness 10000) in paragraph at lines 193--194
\OT1/pcr/m/n/10 next person reproduce the work without
 []



[5]
Underfull \hbox (badness 10000) in paragraph at lines 196--197
\OT1/pcr/m/n/10 We compute the mIoU by thresholding
 []


Underfull \hbox (badness 10000) in paragraph at lines 196--197
\OT1/pcr/m/n/10 the absolute difference between the
 []


Underfull \hbox (badness 10000) in paragraph at lines 196--197
\OT1/pcr/m/n/10 baseline edit and the original image:
 []


Underfull \hbox (badness 7759) in paragraph at lines 196--197
\OML/cmm/m/it/10 D \OT1/cmr/m/n/10 = \OMS/cmsy/m/n/10 j\OML/cmm/m/it/10 y[] \OM
S/cmsy/m/n/10 ^^@ \OML/cmm/m/it/10 x[]\OMS/cmsy/m/n/10 j$\OT1/pcr/m/n/10 . Thre
sholding $\OML/cmm/m/it/10 D$ \OT1/pcr/m/n/10 at
 []


Underfull \hbox (badness 10000) in paragraph at lines 196--197
\OML/cmm/m/it/10 ^^\$ \OT1/pcr/m/n/10 yields the binary change map $\OML/cmm/m/
it/10 C$\OT1/pcr/m/n/10 , and
 []


Underfull \hbox (badness 10000) in paragraph at lines 196--197
\OT1/pcr/m/n/10 intersection over union with the SAM
 []


Underfull \hbox (badness 10000) in paragraph at lines 196--197
\OT1/pcr/m/n/10 mask gives the spatial precision score.
 []


Underfull \hbox (badness 10000) in paragraph at lines 196--197
\OT1/pcr/m/n/10 For the CLIP score we use the official
 []


Underfull \hbox (badness 10000) in paragraph at lines 196--197
\OT1/pcr/m/n/10 model to encode both the edited image
 []


Underfull \hbox (badness 10000) in paragraph at lines 196--197
\OT1/pcr/m/n/10 and the instruction, then compute cosine
 []


Underfull \hbox (badness 10000) in paragraph at lines 196--197
\OT1/pcr/m/n/10 similarity. These artifacts are logged
 []


Underfull \hbox (badness 10000) in paragraph at lines 198--199
[]\OT1/pcr/m/n/10 The CSV-based human study template
 []


Underfull \hbox (badness 10000) in paragraph at lines 198--199
\OT1/pcr/m/n/10 pairs each case with two Likert ratings
 []


Underfull \hbox (badness 10000) in paragraph at lines 198--199
\OT1/pcr/m/n/10 (spatial compliance, instruction
 []


Underfull \hbox (badness 10000) in paragraph at lines 198--199
\OT1/pcr/m/n/10 fidelity), which can be aggregated with
 []


Underfull \hbox (badness 10000) in paragraph at lines 198--199
\OT1/pcr/m/n/10 Pandas so the final report includes
 []


Underfull \hbox (badness 10000) in paragraph at lines 198--199
\OT1/pcr/m/n/10 mean scores and standard deviations.
 []


Underfull \hbox (badness 10000) in paragraph at lines 198--199
\OT1/pcr/m/n/10 The metric implementation notes will
 []


Underfull \hbox (badness 10000) in paragraph at lines 198--199
\OT1/pcr/m/n/10 be shipped with the code so future
 []


Underfull \hbox (badness 10000) in paragraph at lines 198--199
\OT1/pcr/m/n/10 reviewers can reproduce the evaluations
 []


Underfull \hbox (badness 10000) in paragraph at lines 201--202
\OT1/pcr/m/n/10 The planned human study is small (10{15
 []


Underfull \hbox (badness 10000) in paragraph at lines 201--202
\OT1/pcr/m/n/10 participants) but focused on two axes:
 []


Underfull \hbox (badness 10000) in paragraph at lines 201--202
\OT1/pcr/m/n/10 spatial compliance and instruction
 []


Underfull \hbox (badness 10000) in paragraph at lines 201--202
\OT1/pcr/m/n/10 fidelity. Each participant sees paired
 []


Underfull \hbox (badness 10000) in paragraph at lines 201--202
\OT1/pcr/m/n/10 images (baseline vs. mask-blended) for
 []


Underfull \hbox (badness 10000) in paragraph at lines 201--202
\OT1/pcr/m/n/10 the three canonical cases and answers
 []


Underfull \hbox (badness 10000) in paragraph at lines 201--202
\OT1/pcr/m/n/10 two Likert questions per pair. This
 []


Underfull \hbox (badness 10000) in paragraph at lines 201--202
\OT1/pcr/m/n/10 yields mean ratings and allows for
 []


Underfull \hbox (badness 10000) in paragraph at lines 203--204
[]\OT1/pcr/m/n/10 Participants will receive a short
 []


Underfull \hbox (badness 10000) in paragraph at lines 203--204
\OT1/pcr/m/n/10 instruction sheet explaining which
 []


Underfull \hbox (badness 10000) in paragraph at lines 203--204
\OT1/pcr/m/n/10 images to compare and what ``staying
 []


Underfull \hbox (badness 10000) in paragraph at lines 203--204
\OT1/pcr/m/n/10 inside the mask'' and ``obeying
 []


Underfull \hbox (badness 10000) in paragraph at lines 203--204
\OT1/pcr/m/n/10 the instruction'' mean. The study
 []


Underfull \hbox (badness 10000) in paragraph at lines 203--204
\OT1/pcr/m/n/10 randomizes the presentation order to
 []


Underfull \hbox (badness 10000) in paragraph at lines 203--204
\OT1/pcr/m/n/10 minimize bias, and the results can
 []


Underfull \hbox (badness 10000) in paragraph at lines 203--204
\OT1/pcr/m/n/10 be summarized as mean Likert scores
 []


Underfull \hbox (badness 10000) in paragraph at lines 203--204
\OT1/pcr/m/n/10 in the final report alongside a few
 []


Underfull \hbox (badness 10000) in paragraph at lines 206--207
\OT1/pcr/m/n/10 Beyond the current mask blending,
 []


Underfull \hbox (badness 10000) in paragraph at lines 206--207
\OT1/pcr/m/n/10 future versions could inject the
 []


Underfull \hbox (badness 10000) in paragraph at lines 206--207
\OT1/pcr/m/n/10 mask into the cross-attention layers
 []


Underfull \hbox (badness 10000) in paragraph at lines 206--207
\OT1/pcr/m/n/10 of the diffusion U-Net or explore
 []


Underfull \hbox (badness 10000) in paragraph at lines 206--207
\OT1/pcr/m/n/10 latent-space compositing at each
 []


Underfull \hbox (badness 10000) in paragraph at lines 206--207
\OT1/pcr/m/n/10 timestep. Integrating user-provided
 []


Underfull \hbox (badness 10000) in paragraph at lines 206--207
\OT1/pcr/m/n/10 bounding boxes or scribbles with
 []


Underfull \hbox (badness 10000) in paragraph at lines 206--207
\OT1/pcr/m/n/10 SAM would also refine the masks, and
 []


Underfull \hbox (badness 10000) in paragraph at lines 206--207
\OT1/pcr/m/n/10 the current codebase already accepts
 []


Underfull \hbox (badness 10000) in paragraph at lines 206--207
\OT1/pcr/m/n/10 alternative mask formats thanks to the
 []




Underfull \hbox (badness 10000) in paragraph at lines 208--209
[]\OT1/pcr/m/n/10 We also plan to expand the
 []


Underfull \hbox (badness 10000) in paragraph at lines 208--209
\OT1/pcr/m/n/10 automated metric suite so each
 []


Underfull \hbox (badness 10000) in paragraph at lines 208--209
\OT1/pcr/m/n/10 run logs per-example mIoU, CLIP
 []


Underfull \hbox (badness 10000) in paragraph at lines 208--209
\OT1/pcr/m/n/10 score, and runtime. Automating
 []


Underfull \hbox (badness 10000) in paragraph at lines 208--209
\OT1/pcr/m/n/10 `results/` generation across more
 []


Underfull \hbox (badness 10000) in paragraph at lines 208--209
\OT1/pcr/m/n/10 images will further demonstrate
 []


Underfull \hbox (badness 10000) in paragraph at lines 208--209
\OT1/pcr/m/n/10 reproducibility while keeping the
 []


Underfull \hbox (badness 10000) in paragraph at lines 211--212
\OT1/pcr/m/n/10 Thanks to the CS 5404 teaching team for
 []


Underfull \hbox (badness 10000) in paragraph at lines 211--212
\OT1/pcr/m/n/10 the detailed final-project instructions
 []


Underfull \hbox (badness 10000) in paragraph at lines 211--212
\OT1/pcr/m/n/10 and for pointing to the public
 []


Underfull \hbox (badness 10000) in paragraph at lines 211--212
\OT1/pcr/m/n/10 checkpoints that made this pipeline
 []


Underfull \hbox (badness 10000) in paragraph at lines 211--212
\OT1/pcr/m/n/10 possible. The SAM and InstructPix2Pix
 []


Underfull \hbox (badness 10000) in paragraph at lines 211--212
\OT1/pcr/m/n/10 weights are both publicly hosted,
 []


Underfull \hbox (badness 10000) in paragraph at lines 211--212
\OT1/pcr/m/n/10 which greatly simplifies dependency
 []


Underfull \hbox (badness 10000) in paragraph at lines 214--215
\OT1/pcr/m/n/10 The repository is organized so the
 []


Underfull \hbox (badness 10000) in paragraph at lines 214--215
\OT1/pcr/m/n/10 `submission/` directory alone contains
 []


Underfull \hbox (badness 10000) in paragraph at lines 214--215
\OT1/pcr/m/n/10 the artifacts that get submitted:
 []


Underfull \hbox (badness 10000) in paragraph at lines 214--215
\OT1/pcr/m/n/10 proposal PDF, final report PDF, and
 []


Underfull \hbox (badness 10000) in paragraph at lines 214--215
\OT1/pcr/m/n/10 runnable code. The rest of the
 []


Underfull \hbox (badness 10000) in paragraph at lines 214--215
\OT1/pcr/m/n/10 workspace holds supporting data
 []


Underfull \hbox (badness 10000) in paragraph at lines 214--215
\OT1/pcr/m/n/10 (`data/`), models (`models/`), and
 []


Underfull \hbox (badness 10000) in paragraph at lines 214--215
\OT1/pcr/m/n/10 generated outputs (`results/`). When
 []


Underfull \hbox (badness 10000) in paragraph at lines 214--215
\OT1/pcr/m/n/10 preparing a submission archive, simply
 []


Underfull \hbox (badness 10000) in paragraph at lines 214--215
\OT1/pcr/m/n/10 zip `submission/` and ensure `README.md`
 []


Underfull \hbox (badness 10000) in paragraph at lines 214--215
\OT1/pcr/m/n/10 communicates the extra assets. This
 []


Underfull \hbox (badness 10000) in paragraph at lines 214--215
\OT1/pcr/m/n/10 division keeps the deliverable bundle
 []


Underfull \hbox (badness 10000) in paragraph at lines 214--215
\OT1/pcr/m/n/10 lightweight while the rest of the repo
 []


Underfull \hbox (badness 10000) in paragraph at lines 217--218
\OT1/pcr/m/n/10 Mask-Blended Inference fulfills the
 []


Underfull \hbox (badness 10000) in paragraph at lines 217--218
\OT1/pcr/m/n/10 proposal promise by using SAM masks
 []


Underfull \hbox (badness 10000) in paragraph at lines 217--218
\OT1/pcr/m/n/10 to guide InstructPix2Pix at inference
 []


Underfull \hbox (badness 10000) in paragraph at lines 217--218
\OT1/pcr/m/n/10 time without changing the pretrained
 []


Underfull \hbox (badness 10000) in paragraph at lines 217--218
\OT1/pcr/m/n/10 weights. The reorganized repository
 []


Underfull \hbox (badness 10000) in paragraph at lines 217--218
\OT1/pcr/m/n/10 keeps the submission bundle, data,
 []


Underfull \hbox (badness 10000) in paragraph at lines 217--218
\OT1/pcr/m/n/10 models, and results clearly separated,
 []


Underfull \hbox (badness 10000) in paragraph at lines 217--218
\OT1/pcr/m/n/10 which simplifies sharing and grading.
 []


Underfull \hbox (badness 10000) in paragraph at lines 217--218
\OT1/pcr/m/n/10 In future work I plan to instrument
 []


Underfull \hbox (badness 10000) in paragraph at lines 217--218
\OT1/pcr/m/n/10 the pipeline with automated metrics
 []


Underfull \hbox (badness 10000) in paragraph at lines 217--218
\OT1/pcr/m/n/10 (mIoU, CLIP score), add a lightweight
 []


Underfull \hbox (badness 10000) in paragraph at lines 217--218
\OT1/pcr/m/n/10 ablation over mask noise or dilation,
 []


Underfull \hbox (badness 10000) in paragraph at lines 217--218
\OT1/pcr/m/n/10 and explore more advanced blending
 []


Underfull \hbox (badness 10000) in paragraph at lines 217--218
\OT1/pcr/m/n/10 strategies that operate in latent space
 []


Underfull \hbox (badness 10000) in paragraph at lines 217--218
\OT1/pcr/m/n/10 between denoising steps. A small human
 []


Underfull \hbox (badness 10000) in paragraph at lines 217--218
\OT1/pcr/m/n/10 evaluation could also quantify whether
 []


Underfull \hbox (badness 10000) in paragraph at lines 217--218
\OT1/pcr/m/n/10 viewers perceive the edits as precise
 []



[6]
Overfull \hbox (16.6659pt too wide) in paragraph at lines 220--221
\OT1/pcr/m/n/10 Code lives in submission/code/project[]run.py
 []


Underfull \hbox (badness 10000) in paragraph at lines 220--221
\OT1/pcr/m/n/10 (masked inference) and can be run
 []


Underfull \hbox (badness 10000) in paragraph at lines 220--221
\OT1/pcr/m/n/10 after installing the dependencies
 []


Underfull \hbox (badness 10000) in paragraph at lines 220--221
\OT1/pcr/m/n/10 listed in README.md. The
 []


Underfull \hbox (badness 10000) in paragraph at lines 220--221
\OT1/pcr/m/n/10 models/sam[]vit[]h[]4b8939.pth checkpoint
 []


Underfull \hbox (badness 10000) in paragraph at lines 220--221
\OT1/pcr/m/n/10 and the sample images under data/images/
 []


Underfull \hbox (badness 10000) in paragraph at lines 223--224
[]\OT1/pcr/m/n/10 Tim Brooks, Aleksander Holynski,
 []


Underfull \hbox (badness 10000) in paragraph at lines 223--224
\OT1/pcr/m/n/10 and Alexei Efros. InstructPix2Pix:
 []


Underfull \hbox (badness 10000) in paragraph at lines 223--224
\OT1/pcr/m/n/10 Learning to follow image editing
 []


Underfull \hbox (badness 10000) in paragraph at lines 224--225
[]\OT1/pcr/m/n/10 Alexander Kirillov et al. Segment
 []





[7

] (submission/report/final_report.aux)
 ***********
LaTeX2e <2024-11-01> patch level 2
L3 programming layer <2025-01-18>
 ***********
Package rerunfilecheck Info: File `final_report.out' has not changed.
(rerunfilecheck)             Checksum: 319D1D53E73A2C9E7D8E6C29006703A0;5678.
 )
(\end occurred inside a group at level 1)

### simple group (level 1) entered at line 105 ({)
### bottom level 
Here is how much of TeX's memory you used:
 13454 strings out of 473190
 210562 string characters out of 5715801
 657005 words of memory out of 5000000
 36290 multiletter control sequences out of 15000+600000
 583933 words of font info for 188 fonts, out of 8000000 for 9000
 1141 hyphenation exceptions out of 8191
 75i,11n,79p,1027b,680s stack positions out of 10000i,1000n,20000p,200000b,200000s
</usr/local/texlive/2025/texmf-dist/fonts/type1/public/amsfonts
/cm/cmmi10.pfb></usr/local/texlive/2025/texmf-dist/fonts/type1/public/amsfonts/
cm/cmmi7.pfb></usr/local/texlive/2025/texmf-dist/fonts/type1/public/amsfonts/cm
/cmr10.pfb></usr/local/texlive/2025/texmf-dist/fonts/type1/public/amsfonts/cm/c
mr7.pfb></usr/local/texlive/2025/texmf-dist/fonts/type1/public/amsfonts/cm/cmsy
10.pfb></usr/local/texlive/2025/texmf-dist/fonts/type1/public/amsfonts/cm/cmsy7
.pfb></usr/local/texlive/2025/texmf-dist/fonts/type1/urw/courier/ucrb8a.pfb></u
sr/local/texlive/2025/texmf-dist/fonts/type1/urw/courier/ucrr8a.pfb></usr/local
/texlive/2025/texmf-dist/fonts/type1/urw/times/utmb8a.pfb></usr/local/texlive/2
025/texmf-dist/fonts/type1/urw/times/utmr8a.pfb></usr/local/texlive/2025/texmf-
dist/fonts/type1/urw/times/utmri8a.pfb>
Output written on submission/report/final_report.pdf (7 pages, 165727 bytes).
PDF statistics:
 268 PDF objects out of 1000 (max. 8388607)
 234 compressed objects within 3 object streams
 63 named destinations out of 1000 (max. 500000)
 34057 words of extra memory for PDF output out of 35830 (max. 10000000)

